Using pre-set license
Built from '2022.3/staging' branch; Version is '2022.3.6f1 (b9e6e7e9fa2d) revision 12183271'; Using compiler version '192829333'; Build Type 'Release'
OS: 'Windows 10  (10.0.19045) 64bit Professional' Language: 'ja' Physical Memory: 65243 MB
BatchMode: 1, IsHumanControllingUs: 0, StartBugReporterOnCrash: 0, Is64bit: 1, IsPro: 1

COMMAND LINE ARGUMENTS:
D:\DevTools\Unity\2022.3.6f1\Editor\Unity.exe
-adb2
-batchMode
-noUpm
-name
AssetImportWorker4
-projectPath
J:/workspace/OpenVDBForUnity_HDRP/OpenVDBForUnity
-logFile
Logs/AssetImportWorker4.log
-srvPort
60852
Successfully changed project path to: J:/workspace/OpenVDBForUnity_HDRP/OpenVDBForUnity
J:/workspace/OpenVDBForUnity_HDRP/OpenVDBForUnity
[UnityMemory] Configuration Parameters - Can be set up in boot.config
    "memorysetup-bucket-allocator-granularity=16"
    "memorysetup-bucket-allocator-bucket-count=8"
    "memorysetup-bucket-allocator-block-size=33554432"
    "memorysetup-bucket-allocator-block-count=8"
    "memorysetup-main-allocator-block-size=16777216"
    "memorysetup-thread-allocator-block-size=16777216"
    "memorysetup-gfx-main-allocator-block-size=16777216"
    "memorysetup-gfx-thread-allocator-block-size=16777216"
    "memorysetup-cache-allocator-block-size=4194304"
    "memorysetup-typetree-allocator-block-size=2097152"
    "memorysetup-profiler-bucket-allocator-granularity=16"
    "memorysetup-profiler-bucket-allocator-bucket-count=8"
    "memorysetup-profiler-bucket-allocator-block-size=33554432"
    "memorysetup-profiler-bucket-allocator-block-count=8"
    "memorysetup-profiler-allocator-block-size=16777216"
    "memorysetup-profiler-editor-allocator-block-size=1048576"
    "memorysetup-temp-allocator-size-main=16777216"
    "memorysetup-job-temp-allocator-block-size=2097152"
    "memorysetup-job-temp-allocator-block-size-background=1048576"
    "memorysetup-job-temp-allocator-reduction-small-platforms=262144"
    "memorysetup-allocator-temp-initial-block-size-main=262144"
    "memorysetup-allocator-temp-initial-block-size-worker=262144"
    "memorysetup-temp-allocator-size-background-worker=32768"
    "memorysetup-temp-allocator-size-job-worker=262144"
    "memorysetup-temp-allocator-size-preload-manager=33554432"
    "memorysetup-temp-allocator-size-nav-mesh-worker=65536"
    "memorysetup-temp-allocator-size-audio-worker=65536"
    "memorysetup-temp-allocator-size-cloud-worker=32768"
    "memorysetup-temp-allocator-size-gi-baking-worker=262144"
    "memorysetup-temp-allocator-size-gfx=262144"
Player connection [71256] Host "[IP] 192.168.1.8 [Port] 0 [Flags] 2 [Guid] 1220103030 [EditorId] 1220103030 [Version] 1048832 [Id] WindowsEditor(7,kuyuri) [Debug] 1 [PackageName] WindowsEditor [ProjectName] Editor" joined multi-casting on [225.0.0.222:54997]...

Player connection [71256] Host "[IP] 192.168.1.8 [Port] 0 [Flags] 2 [Guid] 1220103030 [EditorId] 1220103030 [Version] 1048832 [Id] WindowsEditor(7,kuyuri) [Debug] 1 [PackageName] WindowsEditor [ProjectName] Editor" joined alternative multi-casting on [225.0.0.222:34997]...

Refreshing native plugins compatible for Editor in 755.89 ms, found 3 plugins.
Preloading 0 native plugins for Editor in 0.00 ms.
Initialize engine version: 2022.3.6f1 (b9e6e7e9fa2d)
[Subsystems] Discovering subsystems at path D:/DevTools/Unity/2022.3.6f1/Editor/Data/Resources/UnitySubsystems
[Subsystems] Discovering subsystems at path J:/workspace/OpenVDBForUnity_HDRP/OpenVDBForUnity/Assets
GfxDevice: creating device client; threaded=0; jobified=0
Direct3D:
    Version:  Direct3D 11.0 [level 11.1]
    Renderer: NVIDIA GeForce RTX 4090 (ID=0x2684)
    Vendor:   NVIDIA
    VRAM:     24156 MB
    Driver:   31.0.15.3623
Initialize mono
Mono path[0] = 'D:/DevTools/Unity/2022.3.6f1/Editor/Data/Managed'
Mono path[1] = 'D:/DevTools/Unity/2022.3.6f1/Editor/Data/MonoBleedingEdge/lib/mono/unityjit-win32'
Mono config path = 'D:/DevTools/Unity/2022.3.6f1/Editor/Data/MonoBleedingEdge/etc'
Using monoOptions --debugger-agent=transport=dt_socket,embedding=1,server=y,suspend=n,address=127.0.0.1:56932
Begin MonoManager ReloadAssembly
Registering precompiled unity dll's ...
Register platform support module: D:/DevTools/Unity/2022.3.6f1/Editor/Data/PlaybackEngines/WindowsStandaloneSupport/UnityEditor.WindowsStandalone.Extensions.dll
Registered in 0.063474 seconds.
- Loaded All Assemblies, in  3.771 seconds
Native extension for WindowsStandalone target not found
Mono: successfully reloaded assembly
- Finished resetting the current domain, in  0.246 seconds
Domain Reload Profiling: 4016ms
	BeginReloadAssembly (2826ms)
		ExecutionOrderSort (0ms)
		DisableScriptedObjects (0ms)
		BackupInstance (0ms)
		ReleaseScriptingObjects (0ms)
		CreateAndSetChildDomain (1ms)
	RebuildCommonClasses (230ms)
	RebuildNativeTypeToScriptingClass (10ms)
	initialDomainReloadingComplete (110ms)
	LoadAllAssembliesAndSetupDomain (595ms)
		LoadAssemblies (2826ms)
		RebuildTransferFunctionScriptingTraits (0ms)
		AnalyzeDomain (591ms)
			TypeCache.Refresh (590ms)
				TypeCache.ScanAssembly (459ms)
			ScanForSourceGeneratedMonoScriptInfo (0ms)
			ResolveRequiredComponents (0ms)
	FinalizeReload (246ms)
		ReleaseScriptCaches (0ms)
		RebuildScriptCaches (0ms)
		SetupLoadedEditorAssemblies (193ms)
			LogAssemblyErrors (0ms)
			InitializePlatformSupportModulesInManaged (7ms)
			SetLoadedEditorAssemblies (7ms)
			RefreshPlugins (0ms)
			BeforeProcessingInitializeOnLoad (2ms)
			ProcessInitializeOnLoadAttributes (125ms)
			ProcessInitializeOnLoadMethodAttributes (51ms)
			AfterProcessingInitializeOnLoad (0ms)
			EditorAssembliesLoaded (0ms)
		ExecutionOrderSort2 (0ms)
		AwakeInstancesAfterBackupRestoration (0ms)
========================================================================
Worker process is ready to serve import requests
Begin MonoManager ReloadAssembly
- Loaded All Assemblies, in  3.704 seconds
Refreshing native plugins compatible for Editor in 1.52 ms, found 3 plugins.
Native extension for WindowsStandalone target not found
Mono: successfully reloaded assembly
- Finished resetting the current domain, in  1.286 seconds
Domain Reload Profiling: 4990ms
	BeginReloadAssembly (157ms)
		ExecutionOrderSort (0ms)
		DisableScriptedObjects (5ms)
		BackupInstance (0ms)
		ReleaseScriptingObjects (0ms)
		CreateAndSetChildDomain (23ms)
	RebuildCommonClasses (30ms)
	RebuildNativeTypeToScriptingClass (10ms)
	initialDomainReloadingComplete (37ms)
	LoadAllAssembliesAndSetupDomain (3470ms)
		LoadAssemblies (3176ms)
		RebuildTransferFunctionScriptingTraits (0ms)
		AnalyzeDomain (388ms)
			TypeCache.Refresh (361ms)
				TypeCache.ScanAssembly (326ms)
			ScanForSourceGeneratedMonoScriptInfo (20ms)
			ResolveRequiredComponents (7ms)
	FinalizeReload (1287ms)
		ReleaseScriptCaches (0ms)
		RebuildScriptCaches (0ms)
		SetupLoadedEditorAssemblies (1110ms)
			LogAssemblyErrors (0ms)
			InitializePlatformSupportModulesInManaged (4ms)
			SetLoadedEditorAssemblies (4ms)
			RefreshPlugins (0ms)
			BeforeProcessingInitializeOnLoad (57ms)
			ProcessInitializeOnLoadAttributes (266ms)
			ProcessInitializeOnLoadMethodAttributes (774ms)
			AfterProcessingInitializeOnLoad (4ms)
			EditorAssembliesLoaded (0ms)
		ExecutionOrderSort2 (0ms)
		AwakeInstancesAfterBackupRestoration (11ms)
Launched and connected shader compiler UnityShaderCompiler.exe after 0.04 seconds
Refreshing native plugins compatible for Editor in 1.87 ms, found 3 plugins.
Preloading 0 native plugins for Editor in 0.00 ms.
Unloading 4561 Unused Serialized files (Serialized files now loaded: 0)
Unloading 96 unused Assets / (3.5 MB). Loaded Objects now: 5054.
Memory consumption went from 261.7 MB to 258.1 MB.
Total: 4.305200 ms (FindLiveObjects: 0.368700 ms CreateObjectMapping: 0.132900 ms MarkObjects: 3.115400 ms  DeleteObjects: 0.687400 ms)

AssetImportParameters requested are different than current active one (requested -> active):
  custom:scripting/monoscript/fileName/Decorators.cs: 4533f6715dc3f8cdabbd37ff77d1dad7 -> 
  custom:scripting/monoscript/fileName/GlobalSettings.cs: e5eb35b80bdfaee4ead1e1630fd77998 -> 
  custom:scripting/monoscript/fileName/PostProcessEffectBaseEditor.cs: 972bdf00f442be0d879dcb6868e25c8e -> 
  custom:scripting/monoscript/fileName/PostProcessRenderContext.cs: 9e034c8bf7d42a1d6c2d4339915eccb0 -> 
  custom:scripting/monoscript/fileName/Spline.cs: 7876820de12ed89d33ad838af99a030e -> 
  custom:scripting/monoscript/fileName/ColorGrading.cs: ef67493fb3cf9676ba5f25862510a595 -> 
  custom:scripting/monoscript/fileName/Monitor.cs: e0eb5d32b3aade2e0ce8680b00ac2b78 -> 
  custom:scripting/monoscript/fileName/TemporalAntialiasing.cs: 71e40fdab49d34f4e07f83936454d904 -> 
  custom:container-demuxer-ogg: 62fdf1f143b41e24485cea50d1cbac27 -> 
  custom:scripting/monoscript/fileName/AmbientOcclusion.cs: 7a27923f9312611f0b2898a72e3ee96a -> 
  custom:scripting/monoscript/fileName/PostProcessDebugLayer.cs: 6d8a99809398beddf11f92dfbb0e6ad4 -> 
  custom:scripting/monoscript/fileName/ColorUtilities.cs: 47918ebfa890b947a816b80444ee2882 -> 
  custom:scripting/monoscript/fileName/ParameterOverride.cs: 5475497db741ca919df708e5019e593d -> 
  custom:scripting/monoscript/fileName/TextureLerper.cs: 973e800795f77d61d647ea0c3f0cf284 -> 
  custom:scripting/monoscript/fileName/Vignette.cs: 080a10db8359a165b603ecf690571e87 -> b2bc358a7ec20ca7af9f00cb373e3a27
  custom:scripting/monoscript/fileName/DepthOfFieldEditor.cs: 28ab65b4cb5aca4002edff0debb7f33f -> a1bf608b4c0c37265ad61b8173a6bf6f
  custom:scripting/monoscript/fileName/DefaultPostProcessEffectEditor.cs: 06a1d8fcea7725e08b95f21cc15fd0a1 -> 
  custom:scripting/monoscript/fileName/PostProcessLayer.cs: aa288976158dcd4c24041d5304f25d07 -> 
  custom:video-codec-MediaFoundation-h265: e54d7ab0439102e2317fc1e4b246158d -> 
  custom:scripting/monoscript/fileName/MaxAttribute.cs: d661645ab8c724f24b3e19978e87b44c -> 
  custom:scripting/monoscript/fileName/PostProcessDebugEditor.cs: 1a0488d8742bf880cc7334e53e2cc73d -> 
  custom:video-decoder-ogg-theora: a1e56fd34408186e4bbccfd4996cb3dc -> 
  custom:scripting/monoscript/fileName/SerializedParameterOverride.cs: 5e4deaf96895d013d32a8e84ec179f8e -> 
  custom:scripting/monoscript/fileName/MeshUtilities.cs: dc5356b699afd34cf9728f4d65b476a0 -> 
  custom:scripting/monoscript/fileName/AmbientOcclusionEditor.cs: 61e5422c29b8f52188d508eb7d382167 -> 
  custom:scripting/monoscript/fileName/FastApproximateAntialiasing.cs: bf5588b2deec2689a812a7d2eacd9bd5 -> 
  custom:scripting/monoscript/fileName/MotionBlur.cs: 3150a9dc99025171eb3d4853508b711f -> ecd1bcd29c1876fbb0a5766fe973d096
  custom:scripting/monoscript/fileName/DefineSetter.cs: 292ba08e52064b1a72f8d4bb04301dd3 -> 
  custom:framework-win-MediaFoundation: 216162199b28c13a410421893ffa2e32 -> 
  custom:scripting/monoscript/fileName/ShaderIDs.cs: 96024f1f873475da65a783f1404f9117 -> 
  custom:scripting/monoscript/fileName/PostProcessEditorAttribute.cs: 672a58b4d5bab60112487a31c361c481 -> 
  custom:scripting/monoscript/fileName/LensDistortionEditor.cs: dee045d29944d55e8040435a58a7ce90 -> 
  custom:scripting/monoscript/fileName/MotionBlurEditor.cs: 0cf7b3ade597a3ded3e9d8b383cd3b05 -> 45712ccdb3b7937260023e8488d79dca
  custom:scripting/monoscript/fileName/Dithering.cs: 3014fffaa718d0ad6dd2c7bb7956ed46 -> 
  custom:scripting/monoscript/fileName/DecoratorAttribute.cs: be5bd39119e1a41ea1a019fdb3818a3f -> 
  custom:scripting/monoscript/fileName/DisplayNameAttribute.cs: 935a6ac504eb8a852fba40cbcae9292c -> 
  custom:scripting/monoscript/fileName/PostProcessEffectSettings.cs: 2ab9d33170e863b1a9c8a9079cdd12aa -> 
  custom:scripting/monoscript/fileName/Fog.cs: 2ac46a0577afa408a288658710cbd5ee -> 231b240f54e1db524e1c50373048b6c6
  custom:scripting/monoscript/fileName/PostProcessManager.cs: 28ef7780d543a8111635e1f5051383d0 -> 
  custom:scripting/monoscript/fileName/VolumeFactory.cs: cc77136700c9e1ff894d234886ccb852 -> 
  custom:CustomObjectIndexerAttribute: 756ad292c208cfabdd7b50bc23989ffe -> 
  custom:scripting/monoscript/fileName/PostProcessEvent.cs: 8fb6e54ff2cf1a8be7ecdd01fbdd78f8 -> 
  custom:scripting/monoscript/fileName/TrackballAttribute.cs: 8dea8f77de7bd03137cc578af1ea6656 -> 
  custom:scripting/monoscript/fileName/TrackballDecorator.cs: 6a2b6c747937d12d8d81be8f5b21fbd2 -> 
  custom:scripting/monoscript/fileName/MultiScaleVO.cs: d4c4732956ffb536e016475d75f04c43 -> 
  custom:scripting/monoscript/fileName/CubeLutAssetFactory.cs: db1961888d7cabf6be94b37e3b663de4 -> 
  custom:container-demuxer-webm: 4f35f7cbe854078d1ac9338744f61a02 -> 
  custom:scripting/monoscript/fileName/PostProcessVolumeEditor.cs: 7aae71821512dcac422c45dc773293c3 -> 
  custom:scripting/monoscript/fileName/ChromaticAberration.cs: 1d3db8c9052d7e7d3e9e5f7f82fefc95 -> 05e0fcda788ff0838e06ff34efcb32ba
  custom:scripting/monoscript/fileName/VignetteEditor.cs: d0535173996b71f2ffb502b851f5c9ca -> fc63dbfc21a39d6c869cf51f85abea5c
  custom:scripting/monoscript/fileName/Styling.cs: d1c4aa14ff93670753edfbb93fc91bfe -> 
  custom:scripting/monoscript/fileName/PostProcessEffectRendererExtensions.cs: e953624d113e7e1739c702512603957d -> 
  custom:scripting/monoscript/fileName/Depth.cs: 80113adc82125a67276d1fe4df6941cb -> 
  custom:scripting/monoscript/fileName/ScalableAO.cs: 2f29d71d59b754086c809cfee1cdce34 -> 
  custom:scripting/monoscript/fileName/PostProcessLayerEditor.cs: d16de665ece05cd6e27dcc8d7bac4b9a -> 
  custom:scripting/monoscript/fileName/MinMaxAttribute.cs: a4b6ac8a4377612c7135a60f905792f1 -> 
  custom:scripting/monoscript/fileName/SubpixelMorphologicalAntialiasing.cs: 02dcb8839824addec278047da0509aea -> 
  custom:scripting/monoscript/fileName/BaseEditor.cs: 90647cc400823b41df847a6cbfc29026 -> 
  custom:container-muxer-webm: aa71ff27fc2769a1b78a27578f13a17b -> 
  custom:video-decoder-webm-vp8: 9c59270c3fd7afecdb556c50c9e8de78 -> 
  custom:SearchIndexIgnoredProperties: e643bd26f0fe6173181afceb89e7c659 -> 
  custom:scripting/monoscript/fileName/ChromaticAberrationEditor.cs: 2cc6c261eb5c914e24a718965db0c352 -> 6fe9287e88772a4dc7872fc93b07caaa
  custom:scripting/monoscript/fileName/PostProcessEffectRenderer.cs: 577c5acf8157ecea944bb95c8c6d9a95 -> 
  custom:AudioImporter_EditorPlatform: d09bf68614088b80899f8185d706f6e7 -> 
  custom:scripting/monoscript/fileName/TextureFormatUtilities.cs: ba58c57cfaabc0f8201a9ca6902fcb23 -> 
  custom:scripting/monoscript/fileName/PostProcessVolume.cs: 3883cef4be0567c54caf457a416a2095 -> 
  custom:scripting/monoscript/fileName/LightMeterMonitor.cs: a897ae0c731cb153281aea9ecd0efb03 -> 
  custom:scripting/monoscript/fileName/ColorGradingEditor.cs: 25838050e3e1f12ef51713a5dcf60349 -> 
  custom:scripting/monoscript/fileName/AttributeDecorator.cs: 39b465f08cd0a5df82fc2ef70b766ca2 -> 
  custom:scripting/monoscript/fileName/AutoExposureEditor.cs: dfd15824649ea346b717bc72a871d75b -> 
  custom:scripting/monoscript/fileName/LensDistortion.cs: a602f66a0447bdf2c5936040204f1644 -> 64352c7b67ac4e3f0cc6beddd8d52a1f
  custom:scripting/monoscript/fileName/ResourceAssetFactory.cs: bf6acc988648d854bb3c5751325d0d0a -> 
  custom:scripting/monoscript/fileName/PostProcessProfileEditor.cs: 1dcd55858a4126cb33b0f2de53c74fbe -> 
  custom:scripting/monoscript/fileName/PostProcessDebug.cs: a653e9b773649e7452b035b4ce1dae82 -> 
  custom:scripting/monoscript/fileName/PostProcessAttribute.cs: e125947bf72ce7382f3b16f75797c897 -> 
  custom:scripting/monoscript/fileName/Grain.cs: 43f09a87a88d9937fbb9c4dbf3d5508e -> 
  custom:scripting/monoscript/fileName/HistogramMonitor.cs: 6fd024409d6e9db8d4c2c4e26430c2ad -> 
  custom:scripting/monoscript/fileName/PostProcessProfile.cs: f6dc030e2e953b2ed0eca334cce5d5cf -> 
  custom:scripting/monoscript/fileName/ProfileFactory.cs: f835845dfebfed501813f60a1cb006a3 -> 
  custom:scripting/monoscript/fileName/PostProcessEffectEditor.cs: 90647cc400823b41df847a6cbfc29026 -> 
  custom:scripting/monoscript/fileName/CubeLutAssetImporter.cs: 5e94ca4c74dad11cc8880f33d0ba9efb -> 
  custom:scripting/monoscript/fileName/PostProcessBundle.cs: f610f855c8ae8b896b5084e85ede373e -> 
  custom:scripting/monoscript/fileName/ScreenSpaceReflectionsEditor.cs: 59c13ba25de6098e70bafe8be94f609a -> 
  custom:video-encoder-webm-vp8: eb34c28f22e8b96e1ab97ce403110664 -> 
  custom:scripting/monoscript/fileName/RuntimeUtilities.cs: 76964d36e50cc48cfa29643bdde8d9a5 -> 
  custom:scripting/monoscript/fileName/Bloom.cs: 16abee30ac6135f0d061fe6d28d2e366 -> 8f5f7a47c6b8e3d77a092167824e17f9
  custom:audio-decoder-ogg-vorbis: bf7c407c2cedff20999df2af8eb42d56 -> 
  custom:scripting/monoscript/fileName/AutoExposure.cs: 0e7c21b17f53209ee8c5c61ab59d7835 -> 
  custom:scripting/monoscript/fileName/VectorscopeMonitor.cs: cb70c6437b976f01b752cd219cc47f32 -> 
  custom:scripting/monoscript/fileName/PropertySheetFactory.cs: cfc4667cc03e44252fafe18d99f24b25 -> 
  custom:scripting/monoscript/fileName/EditorUtilities.cs: 53a52fb113757c42f9c516115bd845ca -> 
  custom:scripting/monoscript/fileName/HaltonSeq.cs: a7590e55d6fae5328a1c395a2473d0cf -> 
  custom:scripting/monoscript/fileName/MinAttribute.cs: a3e7473301291585f4cca024ce307406 -> 
  custom:scripting/monoscript/fileName/DepthOfField.cs: 63ec856b9d517c360c42fd5573686c86 -> eef74df214e78eacc6aae4f061b9ab3f
  custom:scripting/monoscript/fileName/BloomEditor.cs: 1fe3940b053419a3140825f197df12f1 -> 22747fa3e02695c090d1879ce41521d5
  custom:scripting/monoscript/fileName/WaveformMonitor.cs: 609651ee3f98f206575f684e9cce655d -> 
  custom:scripting/monoscript/fileName/HableCurve.cs: b993206c36f6c640a06c8579c5238f26 -> 0737dbcc090169dd4b4d7b5443698830
  custom:audio-encoder-webm-vorbis: bf7c407c2cedff20999df2af8eb42d56 -> 
  custom:scripting/monoscript/fileName/PropertySheet.cs: fc9ce6876bcd4d6592ae263dfdc15f92 -> daa097da65d50b1a41a056843fe03e3d
  custom:scripting/monoscript/fileName/TargetPool.cs: 6d29560228134c933c12fb1c113fb6ef -> 
  custom:scripting/monoscript/fileName/LogHistogram.cs: bab913d888834a1a8572eb834acec97c -> 
  custom:scripting/monoscript/fileName/ScreenSpaceReflections.cs: 8afa07200328ddfcb2536d4180c62536 -> 
  custom:scripting/monoscript/fileName/CurveEditor.cs: f5e872b2a5a6427a1785818cb10d95d1 -> 
  custom:scripting/monoscript/fileName/PostProcessResources.cs: 5089c17a701ba9b714a1f3d25fb9a9b0 -> 
  custom:scripting/monoscript/fileName/EffectListEditor.cs: 1ecdb4094d9e64024d6eb7725a86197b -> 
========================================================================
Received Import Request.
  Time since last request: 51643.328335 seconds.
  path: Assets/Common/Volume.asset
  artifactKey: Guid(7c27d3cb36f53445fbef0b49b7e8d31c) Importer(815301076,1909f56bfc062723c751e8b465ee728b)
Start importing Assets/Common/Volume.asset using Guid(7c27d3cb36f53445fbef0b49b7e8d31c) Importer(815301076,1909f56bfc062723c751e8b465ee728b)  -> (artifact id: '27a9ba085d25128a4ae8234c7e5d0c5d') in 0.006718 seconds
Number of updated asset objects reloaded before import = 0
Number of asset objects unloaded after import = 4
========================================================================
Received Import Request.
  Time since last request: 778.498688 seconds.
  path: Assets/OpenVDB/Shaders/VolumeStandard.cginc
  artifactKey: Guid(0e6114d09c4474a55b94c602f337afc9) Importer(2089858483,0ecaa5967403d082aa24f35e1b516d23)
Start importing Assets/OpenVDB/Shaders/VolumeStandard.cginc using Guid(0e6114d09c4474a55b94c602f337afc9) Importer(2089858483,0ecaa5967403d082aa24f35e1b516d23)  -> (artifact id: '1bb13040d13b3d29d7d53d3a77049184') in 0.069449 seconds
Number of updated asset objects reloaded before import = 1
Number of asset objects unloaded after import = 1
========================================================================
Received Import Request.
  Time since last request: 1.792826 seconds.
  path: Assets/OpenVDB/Shaders/VolumeStandard.cginc
  artifactKey: Guid(0e6114d09c4474a55b94c602f337afc9) Importer(2089858483,0ecaa5967403d082aa24f35e1b516d23)
Start importing Assets/OpenVDB/Shaders/VolumeStandard.cginc using Guid(0e6114d09c4474a55b94c602f337afc9) Importer(2089858483,0ecaa5967403d082aa24f35e1b516d23)  -> (artifact id: '4920683d799b064be337a28f2b862d85') in 0.006298 seconds
Number of updated asset objects reloaded before import = 1
Number of asset objects unloaded after import = 1
========================================================================
Received Import Request.
  Time since last request: 140.316003 seconds.
  path: Assets/OpenVDB/Shaders/VolumeStandard.cginc
  artifactKey: Guid(0e6114d09c4474a55b94c602f337afc9) Importer(2089858483,0ecaa5967403d082aa24f35e1b516d23)
Start importing Assets/OpenVDB/Shaders/VolumeStandard.cginc using Guid(0e6114d09c4474a55b94c602f337afc9) Importer(2089858483,0ecaa5967403d082aa24f35e1b516d23)  -> (artifact id: 'd0ec34cf6a294855279471b5eb7e3d8b') in 0.006876 seconds
Number of updated asset objects reloaded before import = 1
Number of asset objects unloaded after import = 1
========================================================================
Received Import Request.
  Time since last request: 67.172030 seconds.
  path: Assets/OpenVDB/Shaders/VolumeStandard.cginc
  artifactKey: Guid(0e6114d09c4474a55b94c602f337afc9) Importer(2089858483,0ecaa5967403d082aa24f35e1b516d23)
Start importing Assets/OpenVDB/Shaders/VolumeStandard.cginc using Guid(0e6114d09c4474a55b94c602f337afc9) Importer(2089858483,0ecaa5967403d082aa24f35e1b516d23)  -> (artifact id: 'c06a053bb753e4de082718d79a76b4ed') in 0.006573 seconds
Number of updated asset objects reloaded before import = 1
Number of asset objects unloaded after import = 1
========================================================================
Received Import Request.
  Time since last request: 129.093679 seconds.
  path: Assets/OpenVDB/Shaders/VolumeStandard.cginc
  artifactKey: Guid(0e6114d09c4474a55b94c602f337afc9) Importer(2089858483,0ecaa5967403d082aa24f35e1b516d23)
Start importing Assets/OpenVDB/Shaders/VolumeStandard.cginc using Guid(0e6114d09c4474a55b94c602f337afc9) Importer(2089858483,0ecaa5967403d082aa24f35e1b516d23)  -> (artifact id: '666184617f3b3a3b9b72fe24a5c151ea') in 0.007760 seconds
Number of updated asset objects reloaded before import = 1
Number of asset objects unloaded after import = 1
========================================================================
Received Import Request.
  Time since last request: 67.914633 seconds.
  path: Assets/OpenVDB/Shaders/VolumeStandard.cginc
  artifactKey: Guid(0e6114d09c4474a55b94c602f337afc9) Importer(2089858483,0ecaa5967403d082aa24f35e1b516d23)
Start importing Assets/OpenVDB/Shaders/VolumeStandard.cginc using Guid(0e6114d09c4474a55b94c602f337afc9) Importer(2089858483,0ecaa5967403d082aa24f35e1b516d23)  -> (artifact id: '26f273eaa867dee0e80976a13ff73808') in 0.007354 seconds
Number of updated asset objects reloaded before import = 1
Number of asset objects unloaded after import = 1
========================================================================
Received Import Request.
  Time since last request: 10.022669 seconds.
  path: Assets/OpenVDB/Shaders/VolumeStandard.cginc
  artifactKey: Guid(0e6114d09c4474a55b94c602f337afc9) Importer(2089858483,0ecaa5967403d082aa24f35e1b516d23)
Start importing Assets/OpenVDB/Shaders/VolumeStandard.cginc using Guid(0e6114d09c4474a55b94c602f337afc9) Importer(2089858483,0ecaa5967403d082aa24f35e1b516d23)  -> (artifact id: '8309d53e6b8acce0b2be3723255f2867') in 0.007346 seconds
Number of updated asset objects reloaded before import = 1
Number of asset objects unloaded after import = 1
========================================================================
Received Import Request.
  Time since last request: 110.135764 seconds.
  path: Assets/OpenVDB/Shaders/VolumeStandard.cginc
  artifactKey: Guid(0e6114d09c4474a55b94c602f337afc9) Importer(2089858483,0ecaa5967403d082aa24f35e1b516d23)
Start importing Assets/OpenVDB/Shaders/VolumeStandard.cginc using Guid(0e6114d09c4474a55b94c602f337afc9) Importer(2089858483,0ecaa5967403d082aa24f35e1b516d23)  -> (artifact id: '0bb871d548b89bce3c3279f428ddc10a') in 0.008046 seconds
Number of updated asset objects reloaded before import = 1
Number of asset objects unloaded after import = 1
========================================================================
Received Import Request.
  Time since last request: 34.009696 seconds.
  path: Assets/OpenVDB/Shaders/VolumeStandard.cginc
  artifactKey: Guid(0e6114d09c4474a55b94c602f337afc9) Importer(2089858483,0ecaa5967403d082aa24f35e1b516d23)
Start importing Assets/OpenVDB/Shaders/VolumeStandard.cginc using Guid(0e6114d09c4474a55b94c602f337afc9) Importer(2089858483,0ecaa5967403d082aa24f35e1b516d23)  -> (artifact id: '2dd6f8adfbcbd0df800158020d13e9ca') in 0.007120 seconds
Number of updated asset objects reloaded before import = 1
Number of asset objects unloaded after import = 1
========================================================================
Received Import Request.
  Time since last request: 65.245161 seconds.
  path: Assets/OpenVDB/Shaders/VolumeStandard.cginc
  artifactKey: Guid(0e6114d09c4474a55b94c602f337afc9) Importer(2089858483,0ecaa5967403d082aa24f35e1b516d23)
Start importing Assets/OpenVDB/Shaders/VolumeStandard.cginc using Guid(0e6114d09c4474a55b94c602f337afc9) Importer(2089858483,0ecaa5967403d082aa24f35e1b516d23)  -> (artifact id: 'b617796554e7b466af00bbc4ba586721') in 0.007523 seconds
Number of updated asset objects reloaded before import = 1
Number of asset objects unloaded after import = 1
========================================================================
Received Import Request.
  Time since last request: 12.415771 seconds.
  path: Assets/OpenVDB/Shaders/VolumeStandard.cginc
  artifactKey: Guid(0e6114d09c4474a55b94c602f337afc9) Importer(2089858483,0ecaa5967403d082aa24f35e1b516d23)
Start importing Assets/OpenVDB/Shaders/VolumeStandard.cginc using Guid(0e6114d09c4474a55b94c602f337afc9) Importer(2089858483,0ecaa5967403d082aa24f35e1b516d23)  -> (artifact id: '69adcd9bb577d2b3c586ab0be9613c3e') in 0.007072 seconds
Number of updated asset objects reloaded before import = 1
Number of asset objects unloaded after import = 1
========================================================================
Received Import Request.
  Time since last request: 14.916219 seconds.
  path: Assets/OpenVDB/Shaders/VolumeStandard.cginc
  artifactKey: Guid(0e6114d09c4474a55b94c602f337afc9) Importer(2089858483,0ecaa5967403d082aa24f35e1b516d23)
Start importing Assets/OpenVDB/Shaders/VolumeStandard.cginc using Guid(0e6114d09c4474a55b94c602f337afc9) Importer(2089858483,0ecaa5967403d082aa24f35e1b516d23)  -> (artifact id: '713c1d0ff7df3cfb9cbd8dcfa2dad63c') in 0.006884 seconds
Number of updated asset objects reloaded before import = 1
Number of asset objects unloaded after import = 1
========================================================================
Received Import Request.
  Time since last request: 23.356652 seconds.
  path: Assets/OpenVDB/Shaders/VolumeStandard.cginc
  artifactKey: Guid(0e6114d09c4474a55b94c602f337afc9) Importer(2089858483,0ecaa5967403d082aa24f35e1b516d23)
Start importing Assets/OpenVDB/Shaders/VolumeStandard.cginc using Guid(0e6114d09c4474a55b94c602f337afc9) Importer(2089858483,0ecaa5967403d082aa24f35e1b516d23)  -> (artifact id: '725a4e67eaa3ba3e52f4ede15729e713') in 0.008330 seconds
Number of updated asset objects reloaded before import = 1
Number of asset objects unloaded after import = 1
========================================================================
Received Import Request.
  Time since last request: 90.307894 seconds.
  path: Assets/OpenVDB/Shaders/VolumeStandard.cginc
  artifactKey: Guid(0e6114d09c4474a55b94c602f337afc9) Importer(2089858483,0ecaa5967403d082aa24f35e1b516d23)
Start importing Assets/OpenVDB/Shaders/VolumeStandard.cginc using Guid(0e6114d09c4474a55b94c602f337afc9) Importer(2089858483,0ecaa5967403d082aa24f35e1b516d23)  -> (artifact id: 'c81a63c8e06ed0cc2a2d47a1233b70c5') in 0.006851 seconds
Number of updated asset objects reloaded before import = 1
Number of asset objects unloaded after import = 1
========================================================================
Received Import Request.
  Time since last request: 232.215921 seconds.
  path: Assets/OpenVDB/Shaders/VolumeStandard.cginc
  artifactKey: Guid(0e6114d09c4474a55b94c602f337afc9) Importer(2089858483,0ecaa5967403d082aa24f35e1b516d23)
Start importing Assets/OpenVDB/Shaders/VolumeStandard.cginc using Guid(0e6114d09c4474a55b94c602f337afc9) Importer(2089858483,0ecaa5967403d082aa24f35e1b516d23)  -> (artifact id: '3967a7f51442ccbf0c8a12c6afa66b61') in 0.008327 seconds
Number of updated asset objects reloaded before import = 1
Number of asset objects unloaded after import = 1
========================================================================
Received Import Request.
  Time since last request: 110.792787 seconds.
  path: Assets/OpenVDB/Shaders/VolumeStandard.cginc
  artifactKey: Guid(0e6114d09c4474a55b94c602f337afc9) Importer(2089858483,0ecaa5967403d082aa24f35e1b516d23)
Start importing Assets/OpenVDB/Shaders/VolumeStandard.cginc using Guid(0e6114d09c4474a55b94c602f337afc9) Importer(2089858483,0ecaa5967403d082aa24f35e1b516d23)  -> (artifact id: 'f53ff45786b52508dc6771b45fb257e4') in 0.006749 seconds
Number of updated asset objects reloaded before import = 1
Number of asset objects unloaded after import = 1
========================================================================
Received Import Request.
  Time since last request: 8.445376 seconds.
  path: Assets/OpenVDB/Shaders/VolumeStandard.cginc
  artifactKey: Guid(0e6114d09c4474a55b94c602f337afc9) Importer(2089858483,0ecaa5967403d082aa24f35e1b516d23)
Start importing Assets/OpenVDB/Shaders/VolumeStandard.cginc using Guid(0e6114d09c4474a55b94c602f337afc9) Importer(2089858483,0ecaa5967403d082aa24f35e1b516d23)  -> (artifact id: 'd704628cd1938eaf3f9a2982df363cf1') in 0.006450 seconds
Number of updated asset objects reloaded before import = 1
Number of asset objects unloaded after import = 1
========================================================================
Received Import Request.
  Time since last request: 19.806211 seconds.
  path: Assets/OpenVDB/Shaders/VolumeStandard.cginc
  artifactKey: Guid(0e6114d09c4474a55b94c602f337afc9) Importer(2089858483,0ecaa5967403d082aa24f35e1b516d23)
Start importing Assets/OpenVDB/Shaders/VolumeStandard.cginc using Guid(0e6114d09c4474a55b94c602f337afc9) Importer(2089858483,0ecaa5967403d082aa24f35e1b516d23)  -> (artifact id: '28891629849964e6769321e90119e6ad') in 0.005907 seconds
Number of updated asset objects reloaded before import = 1
Number of asset objects unloaded after import = 1
========================================================================
Received Import Request.
  Time since last request: 21.036366 seconds.
  path: Assets/OpenVDB/Shaders/VolumeStandard.shader
  artifactKey: Guid(8451709f45c2243508e6742ef81b7a16) Importer(815301076,1909f56bfc062723c751e8b465ee728b)
Start importing Assets/OpenVDB/Shaders/VolumeStandard.shader using Guid(8451709f45c2243508e6742ef81b7a16) Importer(815301076,1909f56bfc062723c751e8b465ee728b)  -> (artifact id: '93f46ceb716e2a18883c3c5bd210e612') in 0.000594 seconds
Number of updated asset objects reloaded before import = 0
Number of asset objects unloaded after import = 0
========================================================================
Received Import Request.
  Time since last request: 13.868038 seconds.
  path: Assets/OpenVDB/Shaders/VolumeStandard.shader
  artifactKey: Guid(8451709f45c2243508e6742ef81b7a16) Importer(815301076,1909f56bfc062723c751e8b465ee728b)
Start importing Assets/OpenVDB/Shaders/VolumeStandard.shader using Guid(8451709f45c2243508e6742ef81b7a16) Importer(815301076,1909f56bfc062723c751e8b465ee728b)  -> (artifact id: 'af8544f334cc0972379e54b788e4a7d9') in 0.000667 seconds
Number of updated asset objects reloaded before import = 1
Number of asset objects unloaded after import = 0
========================================================================
Received Import Request.
  Time since last request: 0.351826 seconds.
  path: Assets/OpenVDB/Shaders/VolumeStandard.cginc
  artifactKey: Guid(0e6114d09c4474a55b94c602f337afc9) Importer(2089858483,0ecaa5967403d082aa24f35e1b516d23)
Start importing Assets/OpenVDB/Shaders/VolumeStandard.cginc using Guid(0e6114d09c4474a55b94c602f337afc9) Importer(2089858483,0ecaa5967403d082aa24f35e1b516d23)  -> (artifact id: 'a2193666aaca087214202d4c3eba0545') in 0.006567 seconds
Number of updated asset objects reloaded before import = 0
Number of asset objects unloaded after import = 1
========================================================================
Received Import Request.
  Time since last request: 1.581481 seconds.
  path: Assets/OpenVDB/Shaders/VolumeStandard.shader
  artifactKey: Guid(8451709f45c2243508e6742ef81b7a16) Importer(815301076,1909f56bfc062723c751e8b465ee728b)
Start importing Assets/OpenVDB/Shaders/VolumeStandard.shader using Guid(8451709f45c2243508e6742ef81b7a16) Importer(815301076,1909f56bfc062723c751e8b465ee728b)  -> (artifact id: 'ffe84d0833f8e1f56e7943216ba2299d') in 0.000607 seconds
Number of updated asset objects reloaded before import = 1
Number of asset objects unloaded after import = 0
========================================================================
Received Import Request.
  Time since last request: 0.961696 seconds.
  path: Assets/OpenVDB/Shaders/VolumeStandard.cginc
  artifactKey: Guid(0e6114d09c4474a55b94c602f337afc9) Importer(2089858483,0ecaa5967403d082aa24f35e1b516d23)
Start importing Assets/OpenVDB/Shaders/VolumeStandard.cginc using Guid(0e6114d09c4474a55b94c602f337afc9) Importer(2089858483,0ecaa5967403d082aa24f35e1b516d23)  -> (artifact id: '661798f31e11a48a29b4cef23ed67076') in 0.008576 seconds
Number of updated asset objects reloaded before import = 0
Number of asset objects unloaded after import = 1
========================================================================
Received Import Request.
  Time since last request: 5.653486 seconds.
  path: Assets/OpenVDB/Shaders/VolumeStandard.shader
  artifactKey: Guid(8451709f45c2243508e6742ef81b7a16) Importer(815301076,1909f56bfc062723c751e8b465ee728b)
Start importing Assets/OpenVDB/Shaders/VolumeStandard.shader using Guid(8451709f45c2243508e6742ef81b7a16) Importer(815301076,1909f56bfc062723c751e8b465ee728b)  -> (artifact id: '95bec88165654ffb687d30ce684c5d5f') in 0.000624 seconds
Number of updated asset objects reloaded before import = 1
Number of asset objects unloaded after import = 0
========================================================================
Received Import Request.
  Time since last request: 0.866297 seconds.
  path: Assets/OpenVDB/Shaders/VolumeStandard.cginc
  artifactKey: Guid(0e6114d09c4474a55b94c602f337afc9) Importer(2089858483,0ecaa5967403d082aa24f35e1b516d23)
Start importing Assets/OpenVDB/Shaders/VolumeStandard.cginc using Guid(0e6114d09c4474a55b94c602f337afc9) Importer(2089858483,0ecaa5967403d082aa24f35e1b516d23)  -> (artifact id: 'c04ac3ddc1dd0e68a019afe7d4499008') in 0.006699 seconds
Number of updated asset objects reloaded before import = 0
Number of asset objects unloaded after import = 1
========================================================================
Received Import Request.
  Time since last request: 2.919055 seconds.
  path: Assets/OpenVDB/Shaders/VolumeStandard.shader
  artifactKey: Guid(8451709f45c2243508e6742ef81b7a16) Importer(815301076,1909f56bfc062723c751e8b465ee728b)
Start importing Assets/OpenVDB/Shaders/VolumeStandard.shader using Guid(8451709f45c2243508e6742ef81b7a16) Importer(815301076,1909f56bfc062723c751e8b465ee728b)  -> (artifact id: 'd9fad63b3c92fd90a9b38a601a77dcf3') in 0.000665 seconds
Number of updated asset objects reloaded before import = 1
Number of asset objects unloaded after import = 0
========================================================================
Received Import Request.
  Time since last request: 0.959646 seconds.
  path: Assets/OpenVDB/Shaders/VolumeStandard.cginc
  artifactKey: Guid(0e6114d09c4474a55b94c602f337afc9) Importer(2089858483,0ecaa5967403d082aa24f35e1b516d23)
Start importing Assets/OpenVDB/Shaders/VolumeStandard.cginc using Guid(0e6114d09c4474a55b94c602f337afc9) Importer(2089858483,0ecaa5967403d082aa24f35e1b516d23)  -> (artifact id: '00000000000000000000000000000000') in 0.002026 seconds
Import Error Code:(4)
Message: Build asset version error: assets/openvdb/shaders/volumestandard.cginc in SourceAssetDB has modification time of '2023-09-14T08:15:27.844256Z' while content on disk has modification time of '2023-09-14T08:15:29.5102917Z'
  ERROR: Build asset version error: assets/openvdb/shaders/volumestandard.cginc in SourceAssetDB has modification time of '2023-09-14T08:15:27.844256Z' while content on disk has modification time of '2023-09-14T08:15:29.5102917Z'
Number of updated asset objects reloaded before import = 0
Number of asset objects unloaded after import = 0
========================================================================
Received Import Request.
  Time since last request: 188.157716 seconds.
  path: Assets/OpenVDB/Shaders/VolumeStandard.shader
  artifactKey: Guid(8451709f45c2243508e6742ef81b7a16) Importer(815301076,1909f56bfc062723c751e8b465ee728b)
Start importing Assets/OpenVDB/Shaders/VolumeStandard.shader using Guid(8451709f45c2243508e6742ef81b7a16) Importer(815301076,1909f56bfc062723c751e8b465ee728b)  -> (artifact id: '5210e4d8b1b5b608678b584b41769b4a') in 0.000664 seconds
Number of updated asset objects reloaded before import = 1
Number of asset objects unloaded after import = 0
========================================================================
Received Import Request.
  Time since last request: 1.591463 seconds.
  path: Assets/OpenVDB/Shaders/VolumeStandard.cginc
  artifactKey: Guid(0e6114d09c4474a55b94c602f337afc9) Importer(2089858483,0ecaa5967403d082aa24f35e1b516d23)
Start importing Assets/OpenVDB/Shaders/VolumeStandard.cginc using Guid(0e6114d09c4474a55b94c602f337afc9) Importer(2089858483,0ecaa5967403d082aa24f35e1b516d23)  -> (artifact id: 'ce6dfdf3ab3b69b68005ca58dff3956d') in 0.007488 seconds
Number of updated asset objects reloaded before import = 0
Number of asset objects unloaded after import = 1
========================================================================
Received Import Request.
  Time since last request: 226.447654 seconds.
  path: Assets/OpenVDB/Shaders/VolumeStandard.shader
  artifactKey: Guid(8451709f45c2243508e6742ef81b7a16) Importer(815301076,1909f56bfc062723c751e8b465ee728b)
Start importing Assets/OpenVDB/Shaders/VolumeStandard.shader using Guid(8451709f45c2243508e6742ef81b7a16) Importer(815301076,1909f56bfc062723c751e8b465ee728b)  -> (artifact id: 'c5896fd584d2d92dcc018ec676c5475f') in 0.000668 seconds
Number of updated asset objects reloaded before import = 1
Number of asset objects unloaded after import = 0
========================================================================
Received Import Request.
  Time since last request: 0.862956 seconds.
  path: Assets/OpenVDB/Shaders/VolumeStandard.cginc
  artifactKey: Guid(0e6114d09c4474a55b94c602f337afc9) Importer(2089858483,0ecaa5967403d082aa24f35e1b516d23)
Start importing Assets/OpenVDB/Shaders/VolumeStandard.cginc using Guid(0e6114d09c4474a55b94c602f337afc9) Importer(2089858483,0ecaa5967403d082aa24f35e1b516d23)  -> (artifact id: '403b131dfc93e581ddb8c49200ff181e') in 0.007368 seconds
Number of updated asset objects reloaded before import = 0
Number of asset objects unloaded after import = 1
========================================================================
Received Import Request.
  Time since last request: 80.376753 seconds.
  path: Assets/OpenVDB/Shaders/VolumeStandard.shader
  artifactKey: Guid(8451709f45c2243508e6742ef81b7a16) Importer(815301076,1909f56bfc062723c751e8b465ee728b)
Start importing Assets/OpenVDB/Shaders/VolumeStandard.shader using Guid(8451709f45c2243508e6742ef81b7a16) Importer(815301076,1909f56bfc062723c751e8b465ee728b)  -> (artifact id: '37ad7ac78234e54464a1dc16292736ef') in 0.000684 seconds
Number of updated asset objects reloaded before import = 1
Number of asset objects unloaded after import = 0
========================================================================
Received Import Request.
  Time since last request: 0.844598 seconds.
  path: Assets/OpenVDB/Shaders/VolumeStandard.cginc
  artifactKey: Guid(0e6114d09c4474a55b94c602f337afc9) Importer(2089858483,0ecaa5967403d082aa24f35e1b516d23)
Start importing Assets/OpenVDB/Shaders/VolumeStandard.cginc using Guid(0e6114d09c4474a55b94c602f337afc9) Importer(2089858483,0ecaa5967403d082aa24f35e1b516d23)  -> (artifact id: '3bdb048aab066266acf5661bb49b5280') in 0.011443 seconds
Number of updated asset objects reloaded before import = 0
Number of asset objects unloaded after import = 1
========================================================================
Received Import Request.
  Time since last request: 42.795741 seconds.
  path: Assets/OpenVDB/Shaders/VolumeStandard.shader
  artifactKey: Guid(8451709f45c2243508e6742ef81b7a16) Importer(815301076,1909f56bfc062723c751e8b465ee728b)
Start importing Assets/OpenVDB/Shaders/VolumeStandard.shader using Guid(8451709f45c2243508e6742ef81b7a16) Importer(815301076,1909f56bfc062723c751e8b465ee728b)  -> (artifact id: '88c2c6c07f38f9e4eeba4a226580e92a') in 0.000600 seconds
Number of updated asset objects reloaded before import = 1
Number of asset objects unloaded after import = 0
========================================================================
Received Import Request.
  Time since last request: 0.892260 seconds.
  path: Assets/OpenVDB/Shaders/VolumeStandard.cginc
  artifactKey: Guid(0e6114d09c4474a55b94c602f337afc9) Importer(2089858483,0ecaa5967403d082aa24f35e1b516d23)
Start importing Assets/OpenVDB/Shaders/VolumeStandard.cginc using Guid(0e6114d09c4474a55b94c602f337afc9) Importer(2089858483,0ecaa5967403d082aa24f35e1b516d23)  -> (artifact id: '7764228bcc0223c351695c811ae98085') in 0.006289 seconds
Number of updated asset objects reloaded before import = 0
Number of asset objects unloaded after import = 1
========================================================================
Received Import Request.
  Time since last request: 63.322938 seconds.
  path: Assets/OpenVDB/Shaders/VolumeStandard.shader
  artifactKey: Guid(8451709f45c2243508e6742ef81b7a16) Importer(815301076,1909f56bfc062723c751e8b465ee728b)
Start importing Assets/OpenVDB/Shaders/VolumeStandard.shader using Guid(8451709f45c2243508e6742ef81b7a16) Importer(815301076,1909f56bfc062723c751e8b465ee728b)  -> (artifact id: '17abbc4ec6b01bc913ad7ae2dd03bec9') in 0.000688 seconds
Number of updated asset objects reloaded before import = 1
Number of asset objects unloaded after import = 0
========================================================================
Received Import Request.
  Time since last request: 0.258737 seconds.
  path: Assets/OpenVDB/Shaders/VolumeStandard.cginc
  artifactKey: Guid(0e6114d09c4474a55b94c602f337afc9) Importer(2089858483,0ecaa5967403d082aa24f35e1b516d23)
Start importing Assets/OpenVDB/Shaders/VolumeStandard.cginc using Guid(0e6114d09c4474a55b94c602f337afc9) Importer(2089858483,0ecaa5967403d082aa24f35e1b516d23)  -> (artifact id: 'dcb594451d69beb93c27aa5735ed3a67') in 0.006936 seconds
Number of updated asset objects reloaded before import = 0
Number of asset objects unloaded after import = 1
========================================================================
Received Import Request.
  Time since last request: 10.302365 seconds.
  path: Assets/OpenVDB/Shaders/VolumeStandard.shader
  artifactKey: Guid(8451709f45c2243508e6742ef81b7a16) Importer(815301076,1909f56bfc062723c751e8b465ee728b)
Start importing Assets/OpenVDB/Shaders/VolumeStandard.shader using Guid(8451709f45c2243508e6742ef81b7a16) Importer(815301076,1909f56bfc062723c751e8b465ee728b)  -> (artifact id: '220d034fd65bdf016fcb7a6b9127ae9b') in 0.000599 seconds
Number of updated asset objects reloaded before import = 1
Number of asset objects unloaded after import = 0
========================================================================
Received Import Request.
  Time since last request: 0.803857 seconds.
  path: Assets/OpenVDB/Shaders/VolumeStandard.cginc
  artifactKey: Guid(0e6114d09c4474a55b94c602f337afc9) Importer(2089858483,0ecaa5967403d082aa24f35e1b516d23)
Start importing Assets/OpenVDB/Shaders/VolumeStandard.cginc using Guid(0e6114d09c4474a55b94c602f337afc9) Importer(2089858483,0ecaa5967403d082aa24f35e1b516d23)  -> (artifact id: 'eed2b5c53a2e67160d94ba483daa207b') in 0.008100 seconds
Number of updated asset objects reloaded before import = 0
Number of asset objects unloaded after import = 1
========================================================================
Received Import Request.
  Time since last request: 334.238809 seconds.
  path: Assets/OpenVDB/Shaders/VolumeStandard.cginc
  artifactKey: Guid(0e6114d09c4474a55b94c602f337afc9) Importer(2089858483,0ecaa5967403d082aa24f35e1b516d23)
Start importing Assets/OpenVDB/Shaders/VolumeStandard.cginc using Guid(0e6114d09c4474a55b94c602f337afc9) Importer(2089858483,0ecaa5967403d082aa24f35e1b516d23)  -> (artifact id: 'c60a2ac03539d095d93fafe56e5eeec1') in 0.009527 seconds
Number of updated asset objects reloaded before import = 1
Number of asset objects unloaded after import = 1
========================================================================
Received Import Request.
  Time since last request: 142.725800 seconds.
  path: Assets/OpenVDB/Shaders/VolumeStandard.cginc
  artifactKey: Guid(0e6114d09c4474a55b94c602f337afc9) Importer(2089858483,0ecaa5967403d082aa24f35e1b516d23)
Start importing Assets/OpenVDB/Shaders/VolumeStandard.cginc using Guid(0e6114d09c4474a55b94c602f337afc9) Importer(2089858483,0ecaa5967403d082aa24f35e1b516d23)  -> (artifact id: '8114a700b9664dce863baaf1fac2ac33') in 0.007857 seconds
Number of updated asset objects reloaded before import = 1
Number of asset objects unloaded after import = 1
========================================================================
Received Import Request.
  Time since last request: 75.895846 seconds.
  path: Assets/OpenVDB/Shaders/VolumeStandard.cginc
  artifactKey: Guid(0e6114d09c4474a55b94c602f337afc9) Importer(2089858483,0ecaa5967403d082aa24f35e1b516d23)
Start importing Assets/OpenVDB/Shaders/VolumeStandard.cginc using Guid(0e6114d09c4474a55b94c602f337afc9) Importer(2089858483,0ecaa5967403d082aa24f35e1b516d23)  -> (artifact id: 'aa449c26252bab70f311bcb9a9e496ad') in 0.006446 seconds
Number of updated asset objects reloaded before import = 1
Number of asset objects unloaded after import = 1
========================================================================
Received Import Request.
  Time since last request: 60.400757 seconds.
  path: Assets/OpenVDB/Shaders/VolumeStandard.cginc
  artifactKey: Guid(0e6114d09c4474a55b94c602f337afc9) Importer(2089858483,0ecaa5967403d082aa24f35e1b516d23)
Start importing Assets/OpenVDB/Shaders/VolumeStandard.cginc using Guid(0e6114d09c4474a55b94c602f337afc9) Importer(2089858483,0ecaa5967403d082aa24f35e1b516d23)  -> (artifact id: '9f6ef1aff8aa8aa35e8de633006ab5be') in 0.006873 seconds
Number of updated asset objects reloaded before import = 1
Number of asset objects unloaded after import = 1
========================================================================
Received Import Request.
  Time since last request: 35.370277 seconds.
  path: Assets/OpenVDB/Shaders/VolumeStandard.cginc
  artifactKey: Guid(0e6114d09c4474a55b94c602f337afc9) Importer(2089858483,0ecaa5967403d082aa24f35e1b516d23)
Start importing Assets/OpenVDB/Shaders/VolumeStandard.cginc using Guid(0e6114d09c4474a55b94c602f337afc9) Importer(2089858483,0ecaa5967403d082aa24f35e1b516d23)  -> (artifact id: '72cae05052f8f72119de907cff87b848') in 0.006981 seconds
Number of updated asset objects reloaded before import = 1
Number of asset objects unloaded after import = 1
========================================================================
Received Import Request.
  Time since last request: 10.264635 seconds.
  path: Assets/OpenVDB/Shaders/VolumeStandard.cginc
  artifactKey: Guid(0e6114d09c4474a55b94c602f337afc9) Importer(2089858483,0ecaa5967403d082aa24f35e1b516d23)
Start importing Assets/OpenVDB/Shaders/VolumeStandard.cginc using Guid(0e6114d09c4474a55b94c602f337afc9) Importer(2089858483,0ecaa5967403d082aa24f35e1b516d23)  -> (artifact id: 'e779df958be05582ac8a4c19bdde0b38') in 0.007899 seconds
Number of updated asset objects reloaded before import = 1
Number of asset objects unloaded after import = 1
========================================================================
Received Import Request.
  Time since last request: 164.912782 seconds.
  path: Assets/OpenVDB/Shaders/VolumeStandard.cginc
  artifactKey: Guid(0e6114d09c4474a55b94c602f337afc9) Importer(2089858483,0ecaa5967403d082aa24f35e1b516d23)
Start importing Assets/OpenVDB/Shaders/VolumeStandard.cginc using Guid(0e6114d09c4474a55b94c602f337afc9) Importer(2089858483,0ecaa5967403d082aa24f35e1b516d23)  -> (artifact id: 'e0fac2aa65e84f923fe57fd5ec3d3e25') in 0.009248 seconds
Number of updated asset objects reloaded before import = 1
Number of asset objects unloaded after import = 1
========================================================================
Received Import Request.
  Time since last request: 595.179211 seconds.
  path: Assets/OpenVDB/Shaders/VolumeStandard.cginc
  artifactKey: Guid(0e6114d09c4474a55b94c602f337afc9) Importer(2089858483,0ecaa5967403d082aa24f35e1b516d23)
Start importing Assets/OpenVDB/Shaders/VolumeStandard.cginc using Guid(0e6114d09c4474a55b94c602f337afc9) Importer(2089858483,0ecaa5967403d082aa24f35e1b516d23)  -> (artifact id: '89e2602aab23e8fffe166649a13eb5a8') in 0.007490 seconds
Number of updated asset objects reloaded before import = 1
Number of asset objects unloaded after import = 1
========================================================================
Received Import Request.
  Time since last request: 16.362217 seconds.
  path: Assets/OpenVDB/Shaders/VolumeStandard.cginc
  artifactKey: Guid(0e6114d09c4474a55b94c602f337afc9) Importer(2089858483,0ecaa5967403d082aa24f35e1b516d23)
Start importing Assets/OpenVDB/Shaders/VolumeStandard.cginc using Guid(0e6114d09c4474a55b94c602f337afc9) Importer(2089858483,0ecaa5967403d082aa24f35e1b516d23)  -> (artifact id: '7f11d206a526ce3d7b84838ab58db927') in 0.006925 seconds
Number of updated asset objects reloaded before import = 1
Number of asset objects unloaded after import = 1
========================================================================
Received Import Request.
  Time since last request: 424.525689 seconds.
  path: Assets/OpenVDB/Shaders/VolumeStandard.cginc
  artifactKey: Guid(0e6114d09c4474a55b94c602f337afc9) Importer(2089858483,0ecaa5967403d082aa24f35e1b516d23)
Start importing Assets/OpenVDB/Shaders/VolumeStandard.cginc using Guid(0e6114d09c4474a55b94c602f337afc9) Importer(2089858483,0ecaa5967403d082aa24f35e1b516d23)  -> (artifact id: 'dcca7783c7eed33c2b379ef2a9533ada') in 0.008100 seconds
Number of updated asset objects reloaded before import = 1
Number of asset objects unloaded after import = 1
========================================================================
Received Import Request.
  Time since last request: 4.575865 seconds.
  path: Assets/OpenVDB/Shaders/VolumeStandard.cginc
  artifactKey: Guid(0e6114d09c4474a55b94c602f337afc9) Importer(2089858483,0ecaa5967403d082aa24f35e1b516d23)
Start importing Assets/OpenVDB/Shaders/VolumeStandard.cginc using Guid(0e6114d09c4474a55b94c602f337afc9) Importer(2089858483,0ecaa5967403d082aa24f35e1b516d23)  -> (artifact id: '0e745746554a289fa2498580196e09a2') in 0.007405 seconds
Number of updated asset objects reloaded before import = 1
Number of asset objects unloaded after import = 1
========================================================================
Received Import Request.
  Time since last request: 8.043414 seconds.
  path: Assets/OpenVDB/Shaders/VolumeStandard.shader
  artifactKey: Guid(8451709f45c2243508e6742ef81b7a16) Importer(815301076,1909f56bfc062723c751e8b465ee728b)
Start importing Assets/OpenVDB/Shaders/VolumeStandard.shader using Guid(8451709f45c2243508e6742ef81b7a16) Importer(815301076,1909f56bfc062723c751e8b465ee728b)  -> (artifact id: '7b60341b82911f88df0d7788c2b8f345') in 0.000626 seconds
Number of updated asset objects reloaded before import = 0
Number of asset objects unloaded after import = 0
========================================================================
Received Import Request.
  Time since last request: 22.830743 seconds.
  path: Assets/OpenVDB/Shaders/VolumeStandard.shader
  artifactKey: Guid(8451709f45c2243508e6742ef81b7a16) Importer(815301076,1909f56bfc062723c751e8b465ee728b)
Start importing Assets/OpenVDB/Shaders/VolumeStandard.shader using Guid(8451709f45c2243508e6742ef81b7a16) Importer(815301076,1909f56bfc062723c751e8b465ee728b)  -> (artifact id: '3deab765551e22197fc0b6075688bb5f') in 0.000652 seconds
Number of updated asset objects reloaded before import = 1
Number of asset objects unloaded after import = 0
========================================================================
Received Import Request.
  Time since last request: 0.871441 seconds.
  path: Assets/OpenVDB/Shaders/VolumeStandard.cginc
  artifactKey: Guid(0e6114d09c4474a55b94c602f337afc9) Importer(2089858483,0ecaa5967403d082aa24f35e1b516d23)
Start importing Assets/OpenVDB/Shaders/VolumeStandard.cginc using Guid(0e6114d09c4474a55b94c602f337afc9) Importer(2089858483,0ecaa5967403d082aa24f35e1b516d23)  -> (artifact id: 'a87284a086ab87fad99f69f8979e191d') in 0.006372 seconds
Number of updated asset objects reloaded before import = 0
Number of asset objects unloaded after import = 1
========================================================================
Received Import Request.
  Time since last request: 380.074524 seconds.
  path: Assets/HDRPDefaultResources/HDRenderPipelineGlobalSettings.asset
  artifactKey: Guid(f2724841678926741b8b7f3fe8fedc22) Importer(2089858483,0ecaa5967403d082aa24f35e1b516d23)
Start importing Assets/HDRPDefaultResources/HDRenderPipelineGlobalSettings.asset using Guid(f2724841678926741b8b7f3fe8fedc22) Importer(2089858483,0ecaa5967403d082aa24f35e1b516d23)  -> (artifact id: '4a885ef0de3c9ac005342fcbfc15717e') in 0.047348 seconds
Number of updated asset objects reloaded before import = 19
Number of asset objects unloaded after import = 1
========================================================================
Received Import Request.
  Time since last request: 0.000014 seconds.
  path: Assets/Common/HDRenderPipelineAsset.asset
  artifactKey: Guid(3927e36d6d8a64b4ebb7c2d46f265d28) Importer(2089858483,0ecaa5967403d082aa24f35e1b516d23)
Start importing Assets/Common/HDRenderPipelineAsset.asset using Guid(3927e36d6d8a64b4ebb7c2d46f265d28) Importer(2089858483,0ecaa5967403d082aa24f35e1b516d23)  -> (artifact id: 'd99ccfdf14ce20b870836c8599bf8c94') in 0.047552 seconds
Number of updated asset objects reloaded before import = 0
Number of asset objects unloaded after import = 1
========================================================================
Received Import Request.
  Time since last request: 1.414323 seconds.
  path: Assets/OpenVDB/Shaders/VolumeStandard.cginc
  artifactKey: Guid(0e6114d09c4474a55b94c602f337afc9) Importer(815301076,1909f56bfc062723c751e8b465ee728b)
Start importing Assets/OpenVDB/Shaders/VolumeStandard.cginc using Guid(0e6114d09c4474a55b94c602f337afc9) Importer(815301076,1909f56bfc062723c751e8b465ee728b)  -> (artifact id: '5d5df5db91bff94214dd08acf0d2ed06') in 0.000773 seconds
Number of updated asset objects reloaded before import = 0
Number of asset objects unloaded after import = 1
========================================================================
Received Import Request.
  Time since last request: 446.693318 seconds.
  path: Assets/OpenVDB/Shaders/VolumeStandard.shader
  artifactKey: Guid(8451709f45c2243508e6742ef81b7a16) Importer(815301076,1909f56bfc062723c751e8b465ee728b)
Start importing Assets/OpenVDB/Shaders/VolumeStandard.shader using Guid(8451709f45c2243508e6742ef81b7a16) Importer(815301076,1909f56bfc062723c751e8b465ee728b)  -> (artifact id: 'ec5ce3860fb0fabb5f05792cf80a3f37') in 0.000724 seconds
Number of updated asset objects reloaded before import = 1
Number of asset objects unloaded after import = 0
========================================================================
Received Import Request.
  Time since last request: 0.946337 seconds.
  path: Assets/OpenVDB/Shaders/VolumeStandard.cginc
  artifactKey: Guid(0e6114d09c4474a55b94c602f337afc9) Importer(2089858483,0ecaa5967403d082aa24f35e1b516d23)
Start importing Assets/OpenVDB/Shaders/VolumeStandard.cginc using Guid(0e6114d09c4474a55b94c602f337afc9) Importer(2089858483,0ecaa5967403d082aa24f35e1b516d23)  -> (artifact id: 'b84eb3baed347e8fdf5f8ae6f52ea473') in 0.007415 seconds
Number of updated asset objects reloaded before import = 0
Number of asset objects unloaded after import = 1
========================================================================
Received Import Request.
  Time since last request: 25.384111 seconds.
  path: Assets/OpenVDB/Shaders/VolumeStandard.shader
  artifactKey: Guid(8451709f45c2243508e6742ef81b7a16) Importer(815301076,1909f56bfc062723c751e8b465ee728b)
Start importing Assets/OpenVDB/Shaders/VolumeStandard.shader using Guid(8451709f45c2243508e6742ef81b7a16) Importer(815301076,1909f56bfc062723c751e8b465ee728b)  -> (artifact id: 'c5a056955d5ab98757030b1a104aa4ae') in 0.000645 seconds
Number of updated asset objects reloaded before import = 1
Number of asset objects unloaded after import = 0
========================================================================
Received Import Request.
  Time since last request: 0.935782 seconds.
  path: Assets/OpenVDB/Shaders/VolumeStandard.cginc
  artifactKey: Guid(0e6114d09c4474a55b94c602f337afc9) Importer(2089858483,0ecaa5967403d082aa24f35e1b516d23)
Start importing Assets/OpenVDB/Shaders/VolumeStandard.cginc using Guid(0e6114d09c4474a55b94c602f337afc9) Importer(2089858483,0ecaa5967403d082aa24f35e1b516d23)  -> (artifact id: '7a02acccbff30689de06e2e459af9b1f') in 0.006536 seconds
Number of updated asset objects reloaded before import = 0
Number of asset objects unloaded after import = 1
========================================================================
Received Import Request.
  Time since last request: 22.211068 seconds.
  path: Assets/OpenVDB/Shaders/VolumeStandard.shader
  artifactKey: Guid(8451709f45c2243508e6742ef81b7a16) Importer(815301076,1909f56bfc062723c751e8b465ee728b)
Start importing Assets/OpenVDB/Shaders/VolumeStandard.shader using Guid(8451709f45c2243508e6742ef81b7a16) Importer(815301076,1909f56bfc062723c751e8b465ee728b)  -> (artifact id: '83478f76ee9eea5f99ddc56338252048') in 0.000631 seconds
Number of updated asset objects reloaded before import = 1
Number of asset objects unloaded after import = 0
========================================================================
Received Import Request.
  Time since last request: 0.830821 seconds.
  path: Assets/OpenVDB/Shaders/VolumeStandard.cginc
  artifactKey: Guid(0e6114d09c4474a55b94c602f337afc9) Importer(2089858483,0ecaa5967403d082aa24f35e1b516d23)
Start importing Assets/OpenVDB/Shaders/VolumeStandard.cginc using Guid(0e6114d09c4474a55b94c602f337afc9) Importer(2089858483,0ecaa5967403d082aa24f35e1b516d23)  -> (artifact id: '0b664054f8a06de9493de8ee8d1af52c') in 0.006937 seconds
Number of updated asset objects reloaded before import = 0
Number of asset objects unloaded after import = 1
========================================================================
Received Import Request.
  Time since last request: 131.304328 seconds.
  path: Assets/OpenVDB/Shaders/VolumeStandard.shader
  artifactKey: Guid(8451709f45c2243508e6742ef81b7a16) Importer(815301076,1909f56bfc062723c751e8b465ee728b)
Start importing Assets/OpenVDB/Shaders/VolumeStandard.shader using Guid(8451709f45c2243508e6742ef81b7a16) Importer(815301076,1909f56bfc062723c751e8b465ee728b)  -> (artifact id: '861a9cd1bd48cd237b66dea5abeec8ab') in 0.000666 seconds
Number of updated asset objects reloaded before import = 1
Number of asset objects unloaded after import = 0
========================================================================
Received Import Request.
  Time since last request: 0.837951 seconds.
  path: Assets/OpenVDB/Shaders/VolumeStandard.cginc
  artifactKey: Guid(0e6114d09c4474a55b94c602f337afc9) Importer(2089858483,0ecaa5967403d082aa24f35e1b516d23)
Start importing Assets/OpenVDB/Shaders/VolumeStandard.cginc using Guid(0e6114d09c4474a55b94c602f337afc9) Importer(2089858483,0ecaa5967403d082aa24f35e1b516d23)  -> (artifact id: '2226c20f74bb4715548e470bd94b8420') in 0.010011 seconds
Number of updated asset objects reloaded before import = 0
Number of asset objects unloaded after import = 1
========================================================================
Received Import Request.
  Time since last request: 316.545390 seconds.
  path: Assets/OpenVDB/Shaders/VDBVolumeRaymarching.hlsl
  artifactKey: Guid(b0d25574d88f46c98e616478c18ff491) Importer(2089858483,0ecaa5967403d082aa24f35e1b516d23)
Start importing Assets/OpenVDB/Shaders/VDBVolumeRaymarching.hlsl using Guid(b0d25574d88f46c98e616478c18ff491) Importer(2089858483,0ecaa5967403d082aa24f35e1b516d23)  -> (artifact id: '9f3fe1aed3ae40374221a8acb107b4e7') in 0.008542 seconds
Number of updated asset objects reloaded before import = 1
Number of asset objects unloaded after import = 1
========================================================================
Received Import Request.
  Time since last request: 100.505460 seconds.
  path: Assets/OpenVDB/Shaders/VolumeStandard.shader
  artifactKey: Guid(8451709f45c2243508e6742ef81b7a16) Importer(815301076,1909f56bfc062723c751e8b465ee728b)
Start importing Assets/OpenVDB/Shaders/VolumeStandard.shader using Guid(8451709f45c2243508e6742ef81b7a16) Importer(815301076,1909f56bfc062723c751e8b465ee728b)  -> (artifact id: 'b6114d90af4ee8dabe1ced9bde76fdda') in 0.000696 seconds
Number of updated asset objects reloaded before import = 1
Number of asset objects unloaded after import = 0
========================================================================
Received Import Request.
  Time since last request: 0.826674 seconds.
  path: Assets/OpenVDB/Shaders/VolumeStandard.cginc
  artifactKey: Guid(0e6114d09c4474a55b94c602f337afc9) Importer(2089858483,0ecaa5967403d082aa24f35e1b516d23)
Start importing Assets/OpenVDB/Shaders/VolumeStandard.cginc using Guid(0e6114d09c4474a55b94c602f337afc9) Importer(2089858483,0ecaa5967403d082aa24f35e1b516d23)  -> (artifact id: '6a1d2f3abcc9bd9da6b8defabbfcba1a') in 0.006219 seconds
Number of updated asset objects reloaded before import = 0
Number of asset objects unloaded after import = 1
========================================================================
Received Import Request.
  Time since last request: 84.365020 seconds.
  path: Assets/OpenVDB/Shaders/VolumeStandard.shader
  artifactKey: Guid(8451709f45c2243508e6742ef81b7a16) Importer(815301076,1909f56bfc062723c751e8b465ee728b)
Start importing Assets/OpenVDB/Shaders/VolumeStandard.shader using Guid(8451709f45c2243508e6742ef81b7a16) Importer(815301076,1909f56bfc062723c751e8b465ee728b)  -> (artifact id: '7c0307d3f288ee0daf89c3036a2a4697') in 0.000690 seconds
Number of updated asset objects reloaded before import = 1
Number of asset objects unloaded after import = 0
========================================================================
Received Import Request.
  Time since last request: 0.833858 seconds.
  path: Assets/OpenVDB/Shaders/VolumeStandard.cginc
  artifactKey: Guid(0e6114d09c4474a55b94c602f337afc9) Importer(2089858483,0ecaa5967403d082aa24f35e1b516d23)
Start importing Assets/OpenVDB/Shaders/VolumeStandard.cginc using Guid(0e6114d09c4474a55b94c602f337afc9) Importer(2089858483,0ecaa5967403d082aa24f35e1b516d23)  -> (artifact id: '7984519597e1ab54936cfc35a04e6a9e') in 0.006465 seconds
Number of updated asset objects reloaded before import = 0
Number of asset objects unloaded after import = 1
========================================================================
Received Import Request.
  Time since last request: 42.918649 seconds.
  path: Assets/Shaders/VDBVolume.shadergraph
  artifactKey: Guid(282c7be5c3cdcf3448dd25840dde57ec) Importer(815301076,1909f56bfc062723c751e8b465ee728b)
Start importing Assets/Shaders/VDBVolume.shadergraph using Guid(282c7be5c3cdcf3448dd25840dde57ec) Importer(815301076,1909f56bfc062723c751e8b465ee728b)  -> (artifact id: '4bb4a39dfe6db965f37a92c2bbc4d07a') in 0.000996 seconds
Number of updated asset objects reloaded before import = 0
Number of asset objects unloaded after import = 1
========================================================================
Received Import Request.
  Time since last request: 6.259829 seconds.
  path: Assets/Shaders/VDBVolume.shadergraph
  artifactKey: Guid(282c7be5c3cdcf3448dd25840dde57ec) Importer(815301076,1909f56bfc062723c751e8b465ee728b)
Start importing Assets/Shaders/VDBVolume.shadergraph using Guid(282c7be5c3cdcf3448dd25840dde57ec) Importer(815301076,1909f56bfc062723c751e8b465ee728b)  -> (artifact id: '435d02d54f0bda2698eba4ea95579bd8') in 0.000743 seconds
Number of updated asset objects reloaded before import = 1
Number of asset objects unloaded after import = 1
========================================================================
Received Import Request.
  Time since last request: 34.397656 seconds.
  path: Assets/OpenVDB/Shaders/VolumeStandard.cginc
  artifactKey: Guid(0e6114d09c4474a55b94c602f337afc9) Importer(2089858483,0ecaa5967403d082aa24f35e1b516d23)
Start importing Assets/OpenVDB/Shaders/VolumeStandard.cginc using Guid(0e6114d09c4474a55b94c602f337afc9) Importer(2089858483,0ecaa5967403d082aa24f35e1b516d23)  -> (artifact id: '27bef07525c480af710603362be3a116') in 0.008348 seconds
Number of updated asset objects reloaded before import = 1
Number of asset objects unloaded after import = 1
========================================================================
Received Import Request.
  Time since last request: 14.489248 seconds.
  path: Assets/OpenVDB/Shaders/VolumeStandard.cginc
  artifactKey: Guid(0e6114d09c4474a55b94c602f337afc9) Importer(2089858483,0ecaa5967403d082aa24f35e1b516d23)
Start importing Assets/OpenVDB/Shaders/VolumeStandard.cginc using Guid(0e6114d09c4474a55b94c602f337afc9) Importer(2089858483,0ecaa5967403d082aa24f35e1b516d23)  -> (artifact id: '381e5593576856a6cfc4f994192fa93a') in 0.007264 seconds
Number of updated asset objects reloaded before import = 1
Number of asset objects unloaded after import = 1
========================================================================
Received Import Request.
  Time since last request: 162.480051 seconds.
  path: Assets/Common
  artifactKey: Guid(0ca21ba1241254a8cb18d7054fbfdb34) Importer(815301076,1909f56bfc062723c751e8b465ee728b)
Start importing Assets/Common using Guid(0ca21ba1241254a8cb18d7054fbfdb34) Importer(815301076,1909f56bfc062723c751e8b465ee728b)  -> (artifact id: '45bb51f53d6cefe2158ba429060ff738') in 0.000448 seconds
Number of updated asset objects reloaded before import = 0
Number of asset objects unloaded after import = 0
========================================================================
Received Import Request.
  Time since last request: 1.288504 seconds.
  path: Assets/Common/HDRenderPipelineAsset.asset
  artifactKey: Guid(3927e36d6d8a64b4ebb7c2d46f265d28) Importer(815301076,1909f56bfc062723c751e8b465ee728b)
Start importing Assets/Common/HDRenderPipelineAsset.asset using Guid(3927e36d6d8a64b4ebb7c2d46f265d28) Importer(815301076,1909f56bfc062723c751e8b465ee728b)  -> (artifact id: 'db55d35f9afbd80a8953b47b721ab2b1') in 0.000581 seconds
Number of updated asset objects reloaded before import = 0
Number of asset objects unloaded after import = 0
========================================================================
Received Import Request.
  Time since last request: 32.729318 seconds.
  path: Assets/HDRPDefaultResources/DefaultLookDevProfile.asset
  artifactKey: Guid(137a937f4553c8c4f8028bd0d7201b26) Importer(815301076,1909f56bfc062723c751e8b465ee728b)
Start importing Assets/HDRPDefaultResources/DefaultLookDevProfile.asset using Guid(137a937f4553c8c4f8028bd0d7201b26) Importer(815301076,1909f56bfc062723c751e8b465ee728b)  -> (artifact id: 'f430fd9b5a4164ee24ad5444114cb135') in 0.000587 seconds
Number of updated asset objects reloaded before import = 0
Number of asset objects unloaded after import = 0
========================================================================
Received Import Request.
  Time since last request: 1.053929 seconds.
  path: Assets/HDRPDefaultResources/DefaultSettingsVolumeProfile.asset
  artifactKey: Guid(48cfe42638f381f4e81f7f91478cd8f0) Importer(815301076,1909f56bfc062723c751e8b465ee728b)
Start importing Assets/HDRPDefaultResources/DefaultSettingsVolumeProfile.asset using Guid(48cfe42638f381f4e81f7f91478cd8f0) Importer(815301076,1909f56bfc062723c751e8b465ee728b)  -> (artifact id: '3eebd1adc93ca61ac344ba7e2c6bf151') in 0.000642 seconds
Number of updated asset objects reloaded before import = 0
Number of asset objects unloaded after import = 0
========================================================================
Received Import Request.
  Time since last request: 2.529475 seconds.
  path: Assets/HDRPDefaultResources/HDRenderPipelineGlobalSettings.asset
  artifactKey: Guid(f2724841678926741b8b7f3fe8fedc22) Importer(815301076,1909f56bfc062723c751e8b465ee728b)
Start importing Assets/HDRPDefaultResources/HDRenderPipelineGlobalSettings.asset using Guid(f2724841678926741b8b7f3fe8fedc22) Importer(815301076,1909f56bfc062723c751e8b465ee728b)  -> (artifact id: '4483a88a9dcf6e3a5bf3b62c4f55b737') in 0.000572 seconds
Number of updated asset objects reloaded before import = 0
Number of asset objects unloaded after import = 0
========================================================================
Received Import Request.
  Time since last request: 5.243931 seconds.
  path: Assets/HDRPDefaultResources/HDRenderPipelineGlobalSettings.asset
  artifactKey: Guid(f2724841678926741b8b7f3fe8fedc22) Importer(815301076,1909f56bfc062723c751e8b465ee728b)
Start importing Assets/HDRPDefaultResources/HDRenderPipelineGlobalSettings.asset using Guid(f2724841678926741b8b7f3fe8fedc22) Importer(815301076,1909f56bfc062723c751e8b465ee728b)  -> (artifact id: '6ee2c792d50a532e9112f06df889fa43') in 0.000639 seconds
Number of updated asset objects reloaded before import = 1
Number of asset objects unloaded after import = 0
========================================================================
Received Import Request.
  Time since last request: 0.920488 seconds.
  path: Assets/HDRPDefaultResources/HDRenderPipelineGlobalSettings.asset
  artifactKey: Guid(f2724841678926741b8b7f3fe8fedc22) Importer(2089858483,0ecaa5967403d082aa24f35e1b516d23)
Start importing Assets/HDRPDefaultResources/HDRenderPipelineGlobalSettings.asset using Guid(f2724841678926741b8b7f3fe8fedc22) Importer(2089858483,0ecaa5967403d082aa24f35e1b516d23)  -> (artifact id: '0184ed1eb8b1a8cab9f999cbe15fc93f') in 0.017577 seconds
Number of updated asset objects reloaded before import = 0
Number of asset objects unloaded after import = 1
========================================================================
Received Import Request.
  Time since last request: 104.557496 seconds.
  path: Assets/Scenes/Test.unity
  artifactKey: Guid(0d20b9a0fbdfc4bf5ab843e49376062e) Importer(2089858483,0ecaa5967403d082aa24f35e1b516d23)
Start importing Assets/Scenes/Test.unity using Guid(0d20b9a0fbdfc4bf5ab843e49376062e) Importer(2089858483,0ecaa5967403d082aa24f35e1b516d23)  -> (artifact id: 'aeb0eebd5f7fde86a0c96173beecd0de') in 0.007285 seconds
Number of updated asset objects reloaded before import = 0
Number of asset objects unloaded after import = 1
========================================================================
Received Import Request.
  Time since last request: 405.246465 seconds.
  path: Assets/OpenVDB/Shaders/VolumeStandard.shader
  artifactKey: Guid(8451709f45c2243508e6742ef81b7a16) Importer(2089858483,0ecaa5967403d082aa24f35e1b516d23)
Start importing Assets/OpenVDB/Shaders/VolumeStandard.shader using Guid(8451709f45c2243508e6742ef81b7a16) Importer(2089858483,0ecaa5967403d082aa24f35e1b516d23)  -> (artifact id: '70f031adfd16c51658b1a97eb5cc327d') in 0.013653 seconds
Number of updated asset objects reloaded before import = 1
Number of asset objects unloaded after import = 1
========================================================================
Received Import Request.
  Time since last request: 53.118904 seconds.
  path: Assets/OpenVDB/Shaders/VolumeStandard.cginc
  artifactKey: Guid(0e6114d09c4474a55b94c602f337afc9) Importer(2089858483,0ecaa5967403d082aa24f35e1b516d23)
Start importing Assets/OpenVDB/Shaders/VolumeStandard.cginc using Guid(0e6114d09c4474a55b94c602f337afc9) Importer(2089858483,0ecaa5967403d082aa24f35e1b516d23)  -> (artifact id: '20153a18c087d743550380f3d67815ba') in 0.006744 seconds
Number of updated asset objects reloaded before import = 1
Number of asset objects unloaded after import = 1
========================================================================
Received Import Request.
  Time since last request: 188.611972 seconds.
  path: Assets/OpenVDB/Shaders/VolumeStandard.shader
  artifactKey: Guid(8451709f45c2243508e6742ef81b7a16) Importer(2089858483,0ecaa5967403d082aa24f35e1b516d23)
Start importing Assets/OpenVDB/Shaders/VolumeStandard.shader using Guid(8451709f45c2243508e6742ef81b7a16) Importer(2089858483,0ecaa5967403d082aa24f35e1b516d23)  -> (artifact id: '937839ac18013495014cf6e34529bd38') in 0.008817 seconds
Number of updated asset objects reloaded before import = 1
Number of asset objects unloaded after import = 1
========================================================================
Received Import Request.
  Time since last request: 57.145005 seconds.
  path: Assets/OpenVDB/Shaders/VolumeStandard.cginc
  artifactKey: Guid(0e6114d09c4474a55b94c602f337afc9) Importer(2089858483,0ecaa5967403d082aa24f35e1b516d23)
Start importing Assets/OpenVDB/Shaders/VolumeStandard.cginc using Guid(0e6114d09c4474a55b94c602f337afc9) Importer(2089858483,0ecaa5967403d082aa24f35e1b516d23)  -> (artifact id: 'd4f63ecd2a5d8cd0994547cd3bcc0f4d') in 0.007778 seconds
Number of updated asset objects reloaded before import = 1
Number of asset objects unloaded after import = 1
========================================================================
Received Import Request.
  Time since last request: 104.059264 seconds.
  path: Assets/OpenVDB/Shaders/VolumeStandard.cginc
  artifactKey: Guid(0e6114d09c4474a55b94c602f337afc9) Importer(2089858483,0ecaa5967403d082aa24f35e1b516d23)
Start importing Assets/OpenVDB/Shaders/VolumeStandard.cginc using Guid(0e6114d09c4474a55b94c602f337afc9) Importer(2089858483,0ecaa5967403d082aa24f35e1b516d23)  -> (artifact id: '38411f7cf79ed2d10ece7ebb756c3bfa') in 0.006438 seconds
Number of updated asset objects reloaded before import = 1
Number of asset objects unloaded after import = 1
========================================================================
Received Import Request.
  Time since last request: 25.162388 seconds.
  path: Assets/OpenVDB/Shaders/VolumeStandard.cginc
  artifactKey: Guid(0e6114d09c4474a55b94c602f337afc9) Importer(2089858483,0ecaa5967403d082aa24f35e1b516d23)
Start importing Assets/OpenVDB/Shaders/VolumeStandard.cginc using Guid(0e6114d09c4474a55b94c602f337afc9) Importer(2089858483,0ecaa5967403d082aa24f35e1b516d23)  -> (artifact id: 'f2a0a8a79be4b454f0a66d9ff566ed58') in 0.006809 seconds
Number of updated asset objects reloaded before import = 1
Number of asset objects unloaded after import = 1
========================================================================
Received Import Request.
  Time since last request: 17.450577 seconds.
  path: Assets/OpenVDB/Shaders/VolumeStandard.cginc
  artifactKey: Guid(0e6114d09c4474a55b94c602f337afc9) Importer(2089858483,0ecaa5967403d082aa24f35e1b516d23)
Start importing Assets/OpenVDB/Shaders/VolumeStandard.cginc using Guid(0e6114d09c4474a55b94c602f337afc9) Importer(2089858483,0ecaa5967403d082aa24f35e1b516d23)  -> (artifact id: '696b9be98770122b9b13b9c2217951d1') in 0.007430 seconds
Number of updated asset objects reloaded before import = 1
Number of asset objects unloaded after import = 1
========================================================================
Received Import Request.
  Time since last request: 16.735218 seconds.
  path: Assets/OpenVDB/Shaders/VolumeStandard.cginc
  artifactKey: Guid(0e6114d09c4474a55b94c602f337afc9) Importer(2089858483,0ecaa5967403d082aa24f35e1b516d23)
Start importing Assets/OpenVDB/Shaders/VolumeStandard.cginc using Guid(0e6114d09c4474a55b94c602f337afc9) Importer(2089858483,0ecaa5967403d082aa24f35e1b516d23)  -> (artifact id: 'cfb61966b342c1ff76d7dba53f0408b9') in 0.008259 seconds
Number of updated asset objects reloaded before import = 1
Number of asset objects unloaded after import = 1
========================================================================
Received Import Request.
  Time since last request: 92.194893 seconds.
  path: Assets/OpenVDB/Shaders/VolumeStandard.cginc
  artifactKey: Guid(0e6114d09c4474a55b94c602f337afc9) Importer(2089858483,0ecaa5967403d082aa24f35e1b516d23)
Start importing Assets/OpenVDB/Shaders/VolumeStandard.cginc using Guid(0e6114d09c4474a55b94c602f337afc9) Importer(2089858483,0ecaa5967403d082aa24f35e1b516d23)  -> (artifact id: 'ac0238eef12cdd1f1cde258ca7df7a79') in 0.008578 seconds
Number of updated asset objects reloaded before import = 1
Number of asset objects unloaded after import = 1
========================================================================
Received Import Request.
  Time since last request: 18.851172 seconds.
  path: Assets/OpenVDB/Shaders/VolumeStandard.cginc
  artifactKey: Guid(0e6114d09c4474a55b94c602f337afc9) Importer(2089858483,0ecaa5967403d082aa24f35e1b516d23)
Start importing Assets/OpenVDB/Shaders/VolumeStandard.cginc using Guid(0e6114d09c4474a55b94c602f337afc9) Importer(2089858483,0ecaa5967403d082aa24f35e1b516d23)  -> (artifact id: 'f9d9e684b5edc196b33513701e3fefa6') in 0.007144 seconds
Number of updated asset objects reloaded before import = 1
Number of asset objects unloaded after import = 1
========================================================================
Received Import Request.
  Time since last request: 48.207512 seconds.
  path: Assets/Scenes/Test.unity
  artifactKey: Guid(0d20b9a0fbdfc4bf5ab843e49376062e) Importer(2089858483,0ecaa5967403d082aa24f35e1b516d23)
Start importing Assets/Scenes/Test.unity using Guid(0d20b9a0fbdfc4bf5ab843e49376062e) Importer(2089858483,0ecaa5967403d082aa24f35e1b516d23)  -> (artifact id: '46103b3c6fff02963fad08fa87b95d55') in 0.007038 seconds
Number of updated asset objects reloaded before import = 0
Number of asset objects unloaded after import = 1
