
=== Thu Sep 14 02:30:59 2023

Packages were changed.
Update Mode: updateDependencies

The following packages were added:
  com.unity.2d.sprite@1.0.0
  com.unity.2d.tilemap@1.0.0
  com.unity.collab-proxy@2.0.5
  com.unity.ide.rider@3.0.24
  com.unity.ide.visualstudio@2.0.18
  com.unity.ide.vscode@1.2.5
  com.unity.modules.androidjni@1.0.0
  com.unity.modules.audio@1.0.0
  com.unity.modules.jsonserialize@1.0.0
  com.unity.modules.particlesystem@1.0.0
  com.unity.modules.unitywebrequest@1.0.0
  com.unity.modules.video@1.0.0
  com.unity.test-framework@1.1.33
  com.unity.timeline@1.7.5
  com.unity.ugui@1.0.0
  com.unity.xr.legacyinputhelpers@2.1.10
  com.unity.ai.navigation@1.1.4
The following packages were updated:
  com.unity.render-pipelines.high-definition from version 3.0.0-preview to 14.0.8
The following packages were removed:
  com.unity.package-manager-ui@1.9.11
